# JRE version: OpenJDK Runtime Environment (8.0_121-b13) (build 1.8.0_121-8u121-b13-0ubuntu1.16.04.2-b13)
# Java VM: OpenJDK 64-Bit Server VM (25.121-b13 mixed mode linux-amd64 compressed oops)
Heap:
 PSYoungGen      total 326656K, used 33264K [0x00000000d5580000, 0x00000000edf80000, 0x0000000100000000)
  eden space 293376K, 0% used [0x00000000d5580000,0x00000000d5580000,0x00000000e7400000)
  from space 33280K, 99% used [0x00000000e7400000,0x00000000e947c028,0x00000000e9480000)
  to   space 20992K, 0% used [0x00000000e9480000,0x00000000e9480000,0x00000000ea900000)
 ParOldGen       total 102400K, used 95515K [0x0000000080000000, 0x0000000086400000, 0x00000000d5580000)
  object space 102400K, 93% used [0x0000000080000000,0x0000000085d46f10,0x0000000086400000)
 Metaspace       used 68152K, capacity 70086K, committed 70312K, reserved 1110016K
  class space    used 8662K, capacity 9112K, committed 9128K, reserved 1048576K
GC Heap History (10 events):
Event: 26,588 GC heap after
Heap after GC invocations=13 (full 2):
 PSYoungGen      total 222720K, used 4750K [0x00000000d5580000, 0x00000000e8080000, 0x0000000100000000)
  eden space 200704K, 0% used [0x00000000d5580000,0x00000000d5580000,0x00000000e1980000)
  from space 22016K, 21% used [0x00000000e1980000,0x00000000e1e23aa8,0x00000000e2f00000)
  to   space 21504K, 0% used [0x00000000e6b80000,0x00000000e6b80000,0x00000000e8080000)
 ParOldGen       total 54784K, used 47033K [0x0000000080000000, 0x0000000083580000, 0x00000000d5580000)
  object space 54784K, 85% used [0x0000000080000000,0x0000000082dee488,0x0000000083580000)
 Metaspace       used 57499K, capacity 58998K, committed 59160K, reserved 1099776K
  class space    used 7611K, capacity 7990K, committed 8104K, reserved 1048576K
}
Event: 26,588 GC heap before
{Heap before GC invocations=14 (full 3):
 PSYoungGen      total 222720K, used 4750K [0x00000000d5580000, 0x00000000e8080000, 0x0000000100000000)
  eden space 200704K, 0% used [0x00000000d5580000,0x00000000d5580000,0x00000000e1980000)
  from space 22016K, 21% used [0x00000000e1980000,0x00000000e1e23aa8,0x00000000e2f00000)
  to   space 21504K, 0% used [0x00000000e6b80000,0x00000000e6b80000,0x00000000e8080000)
 ParOldGen       total 54784K, used 47033K [0x0000000080000000, 0x0000000083580000, 0x00000000d5580000)
  object space 54784K, 85% used [0x0000000080000000,0x0000000082dee488,0x0000000083580000)
 Metaspace       used 57499K, capacity 58998K, committed 59160K, reserved 1099776K
  class space    used 7611K, capacity 7990K, committed 8104K, reserved 1048576K
Event: 26,879 GC heap after
Heap after GC invocations=14 (full 3):
 PSYoungGen      total 222720K, used 0K [0x00000000d5580000, 0x00000000e8080000, 0x0000000100000000)
  eden space 200704K, 0% used [0x00000000d5580000,0x00000000d5580000,0x00000000e1980000)
  from space 22016K, 0% used [0x00000000e1980000,0x00000000e1980000,0x00000000e2f00000)
  to   space 21504K, 0% used [0x00000000e6b80000,0x00000000e6b80000,0x00000000e8080000)
 ParOldGen       total 102400K, used 43954K [0x0000000080000000, 0x0000000086400000, 0x00000000d5580000)
  object space 102400K, 42% used [0x0000000080000000,0x0000000082aec890,0x0000000086400000)
 Metaspace       used 57499K, capacity 58998K, committed 59160K, reserved 1099776K
  class space    used 7611K, capacity 7990K, committed 8104K, reserved 1048576K
}
Event: 35,947 GC heap before
{Heap before GC invocations=15 (full 3):
 PSYoungGen      total 222720K, used 200704K [0x00000000d5580000, 0x00000000e8080000, 0x0000000100000000)
  eden space 200704K, 100% used [0x00000000d5580000,0x00000000e1980000,0x00000000e1980000)
  from space 22016K, 0% used [0x00000000e1980000,0x00000000e1980000,0x00000000e2f00000)
  to   space 21504K, 0% used [0x00000000e6b80000,0x00000000e6b80000,0x00000000e8080000)
 ParOldGen       total 102400K, used 43954K [0x0000000080000000, 0x0000000086400000, 0x00000000d5580000)
  object space 102400K, 42% used [0x0000000080000000,0x0000000082aec890,0x0000000086400000)
 Metaspace       used 64588K, capacity 66408K, committed 66728K, reserved 1107968K
  class space    used 8358K, capacity 8767K, committed 8872K, reserved 1048576K
Event: 35,984 GC heap after
Heap after GC invocations=15 (full 3):
 PSYoungGen      total 258560K, used 7969K [0x00000000d5580000, 0x00000000e7380000, 0x0000000100000000)
  eden space 250368K, 0% used [0x00000000d5580000,0x00000000d5580000,0x00000000e4a00000)
  from space 8192K, 97% used [0x00000000e6b80000,0x00000000e7348510,0x00000000e7380000)
  to   space 20480K, 0% used [0x00000000e4b80000,0x00000000e4b80000,0x00000000e5f80000)
 ParOldGen       total 102400K, used 43962K [0x0000000080000000, 0x0000000086400000, 0x00000000d5580000)
  object space 102400K, 42% used [0x0000000080000000,0x0000000082aee890,0x0000000086400000)
 Metaspace       used 64588K, capacity 66408K, committed 66728K, reserved 1107968K
  class space    used 8358K, capacity 8767K, committed 8872K, reserved 1048576K
}
Event: 47,255 GC heap before
{Heap before GC invocations=16 (full 3):
 PSYoungGen      total 258560K, used 258337K [0x00000000d5580000, 0x00000000e7380000, 0x0000000100000000)
  eden space 250368K, 100% used [0x00000000d5580000,0x00000000e4a00000,0x00000000e4a00000)
  from space 8192K, 97% used [0x00000000e6b80000,0x00000000e7348510,0x00000000e7380000)
  to   space 20480K, 0% used [0x00000000e4b80000,0x00000000e4b80000,0x00000000e5f80000)
 ParOldGen       total 102400K, used 43962K [0x0000000080000000, 0x0000000086400000, 0x00000000d5580000)
  object space 102400K, 42% used [0x0000000080000000,0x0000000082aee890,0x0000000086400000)
 Metaspace       used 67151K, capacity 69094K, committed 69288K, reserved 1110016K
  class space    used 8611K, capacity 9080K, committed 9128K, reserved 1048576K
Event: 47,291 GC heap after
Heap after GC invocations=16 (full 3):
 PSYoungGen      total 272384K, used 14012K [0x00000000d5580000, 0x00000000ea900000, 0x0000000100000000)
  eden space 251904K, 0% used [0x00000000d5580000,0x00000000d5580000,0x00000000e4b80000)
  from space 20480K, 68% used [0x00000000e4b80000,0x00000000e592f2b0,0x00000000e5f80000)
  to   space 20992K, 0% used [0x00000000e9480000,0x00000000e9480000,0x00000000ea900000)
 ParOldGen       total 102400K, used 43970K [0x0000000080000000, 0x0000000086400000, 0x00000000d5580000)
  object space 102400K, 42% used [0x0000000080000000,0x0000000082af0890,0x0000000086400000)
 Metaspace       used 67151K, capacity 69094K, committed 69288K, reserved 1110016K
  class space    used 8611K, capacity 9080K, committed 9128K, reserved 1048576K
}
Event: 48,795 GC heap before
{Heap before GC invocations=17 (full 3):
 PSYoungGen      total 272384K, used 265916K [0x00000000d5580000, 0x00000000ea900000, 0x0000000100000000)
  eden space 251904K, 100% used [0x00000000d5580000,0x00000000e4b80000,0x00000000e4b80000)
  from space 20480K, 68% used [0x00000000e4b80000,0x00000000e592f2b0,0x00000000e5f80000)
  to   space 20992K, 0% used [0x00000000e9480000,0x00000000e9480000,0x00000000ea900000)
 ParOldGen       total 102400K, used 43970K [0x0000000080000000, 0x0000000086400000, 0x00000000d5580000)
  object space 102400K, 42% used [0x0000000080000000,0x0000000082af0890,0x0000000086400000)
 Metaspace       used 67979K, capacity 69894K, committed 70056K, reserved 1110016K
  class space    used 8659K, capacity 9112K, committed 9128K, reserved 1048576K
Event: 48,872 GC heap after
Heap after GC invocations=17 (full 3):
 PSYoungGen      total 314368K, used 20989K [0x00000000d5580000, 0x00000000edf80000, 0x0000000100000000)
  eden space 293376K, 0% used [0x00000000d5580000,0x00000000d5580000,0x00000000e7400000)
  from space 20992K, 99% used [0x00000000e9480000,0x00000000ea8ff440,0x00000000ea900000)
  to   space 33280K, 0% used [0x00000000e7400000,0x00000000e7400000,0x00000000e9480000)
 ParOldGen       total 102400K, used 67791K [0x0000000080000000, 0x0000000086400000, 0x00000000d5580000)
  object space 102400K, 66% used [0x0000000080000000,0x0000000084233f68,0x0000000086400000)
 Metaspace       used 67979K, capacity 69894K, committed 70056K, reserved 1110016K
  class space    used 8659K, capacity 9112K, committed 9128K, reserved 1048576K
}
Event: 50,019 GC heap before
{Heap before GC invocations=18 (full 3):
 PSYoungGen      total 314368K, used 314365K [0x00000000d5580000, 0x00000000edf80000, 0x0000000100000000)
  eden space 293376K, 100% used [0x00000000d5580000,0x00000000e7400000,0x00000000e7400000)
  from space 20992K, 99% used [0x00000000e9480000,0x00000000ea8ff440,0x00000000ea900000)
  to   space 33280K, 0% used [0x00000000e7400000,0x00000000e7400000,0x00000000e9480000)
 ParOldGen       total 102400K, used 67791K [0x0000000080000000, 0x0000000086400000, 0x00000000d5580000)
  object space 102400K, 66% used [0x0000000080000000,0x0000000084233f68,0x0000000086400000)
 Metaspace       used 68152K, capacity 70086K, committed 70312K, reserved 1110016K
  class space    used 8662K, capacity 9112K, committed 9128K, reserved 1048576K

